<?xml version="1.0" encoding="UTF-8"?>
<testng-results ignored="4" total="13" passed="8" failed="1" skipped="0">
  <reporter-output>
  </reporter-output>
  <suite started-at="2025-04-22T11:35:07 CEST" name="Surefire suite" finished-at="2025-04-22T11:35:22 CEST" duration-ms="14164">
    <groups>
      <group name="panier">
        <method signature="sauceDemoTest.sauceDemoAddProduct()[pri:0, instance:test.sauceDemoTest@1c7696c6]" name="sauceDemoAddProduct" class="test.sauceDemoTest"/>
      </group> <!-- panier -->
      <group name="logout">
        <method signature="sauceDemoTest.sauceDemoLogout()[pri:0, instance:test.sauceDemoTest@1c7696c6]" name="sauceDemoLogout" class="test.sauceDemoTest"/>
      </group> <!-- logout -->
      <group name="search">
        <method signature="sauceDemoTest.sauceDemosearch()[pri:0, instance:test.sauceDemoTest@1c7696c6]" name="sauceDemosearch" class="test.sauceDemoTest"/>
      </group> <!-- search -->
      <group name="login">
        <method signature="sauceDemoTest.sauceDemoLogin()[pri:0, instance:test.sauceDemoTest@1c7696c6]" name="sauceDemoLogin" class="test.sauceDemoTest"/>
      </group> <!-- login -->
    </groups>
    <test started-at="2025-04-22T11:35:07 CEST" name="Surefire test" finished-at="2025-04-22T11:35:22 CEST" duration-ms="14164">
      <class name="test.authentificationTest">
        <test-method is-config="true" signature="SetUpReporter()[pri:0, instance:test.authentificationTest@38cee291]" started-at="2025-04-22T11:35:07 CEST" name="SetUpReporter" finished-at="2025-04-22T11:35:07 CEST" duration-ms="138" status="PASS">
          <reporter-output>
          </reporter-output>
        </test-method> <!-- SetUpReporter -->
        <test-method is-config="true" signature="setUp()[pri:0, instance:test.authentificationTest@38cee291]" started-at="2025-04-22T11:35:08 CEST" name="setUp" finished-at="2025-04-22T11:35:10 CEST" duration-ms="2457" status="PASS">
          <reporter-output>
          </reporter-output>
        </test-method> <!-- setUp -->
        <test-method signature="loginTest(utils.user)[pri:0, instance:test.authentificationTest@38cee291]" started-at="2025-04-22T11:35:10 CEST" name="loginTest" data-provider="Datausers" finished-at="2025-04-22T11:35:11 CEST" duration-ms="481" status="PASS">
          <params>
            <param index="0">
              <value>
                <![CDATA[utils.user@7f7b6639]]>
              </value>
            </param>
          </params>
          <reporter-output>
          </reporter-output>
        </test-method> <!-- loginTest -->
        <test-method is-config="true" signature="quit()[pri:0, instance:test.authentificationTest@38cee291]" started-at="2025-04-22T11:35:11 CEST" name="quit" finished-at="2025-04-22T11:35:11 CEST" duration-ms="161" status="PASS">
          <reporter-output>
          </reporter-output>
        </test-method> <!-- quit -->
        <test-method is-config="true" signature="setUp()[pri:0, instance:test.authentificationTest@38cee291]" started-at="2025-04-22T11:35:11 CEST" name="setUp" finished-at="2025-04-22T11:35:12 CEST" duration-ms="1341" status="PASS">
          <reporter-output>
          </reporter-output>
        </test-method> <!-- setUp -->
        <test-method signature="loginTest(utils.user)[pri:0, instance:test.authentificationTest@38cee291]" started-at="2025-04-22T11:35:12 CEST" name="loginTest" data-provider="Datausers" finished-at="2025-04-22T11:35:12 CEST" duration-ms="378" status="PASS">
          <params>
            <param index="0">
              <value>
                <![CDATA[utils.user@68ddd415]]>
              </value>
            </param>
          </params>
          <reporter-output>
          </reporter-output>
        </test-method> <!-- loginTest -->
        <test-method is-config="true" signature="quit()[pri:0, instance:test.authentificationTest@38cee291]" started-at="2025-04-22T11:35:12 CEST" name="quit" finished-at="2025-04-22T11:35:13 CEST" duration-ms="148" status="PASS">
          <reporter-output>
          </reporter-output>
        </test-method> <!-- quit -->
        <test-method is-config="true" signature="setUp()[pri:0, instance:test.authentificationTest@38cee291]" started-at="2025-04-22T11:35:13 CEST" name="setUp" finished-at="2025-04-22T11:35:14 CEST" duration-ms="1357" status="PASS">
          <reporter-output>
          </reporter-output>
        </test-method> <!-- setUp -->
        <test-method signature="loginTest(utils.user)[pri:0, instance:test.authentificationTest@38cee291]" started-at="2025-04-22T11:35:14 CEST" name="loginTest" data-provider="Datausers" finished-at="2025-04-22T11:35:14 CEST" duration-ms="381" status="PASS">
          <params>
            <param index="0">
              <value>
                <![CDATA[utils.user@62a54948]]>
              </value>
            </param>
          </params>
          <reporter-output>
          </reporter-output>
        </test-method> <!-- loginTest -->
        <test-method is-config="true" signature="quit()[pri:0, instance:test.authentificationTest@38cee291]" started-at="2025-04-22T11:35:14 CEST" name="quit" finished-at="2025-04-22T11:35:14 CEST" duration-ms="131" status="PASS">
          <reporter-output>
          </reporter-output>
        </test-method> <!-- quit -->
        <test-method is-config="true" signature="setUp()[pri:0, instance:test.authentificationTest@38cee291]" started-at="2025-04-22T11:35:14 CEST" name="setUp" finished-at="2025-04-22T11:35:16 CEST" duration-ms="1355" status="PASS">
          <reporter-output>
          </reporter-output>
        </test-method> <!-- setUp -->
        <test-method signature="loginTest(utils.user)[pri:0, instance:test.authentificationTest@38cee291]" started-at="2025-04-22T11:35:16 CEST" name="loginTest" data-provider="Datausers" finished-at="2025-04-22T11:35:16 CEST" duration-ms="208" status="FAIL">
          <params>
            <param index="0">
              <value>
                <![CDATA[utils.user@59d0cdb6]]>
              </value>
            </param>
          </params>
          <exception class="java.lang.AssertionError">
            <message>
              <![CDATA[⚠️ Cas non géré : INVALIDE]]>
            </message>
            <full-stacktrace>
              <![CDATA[java.lang.AssertionError: ⚠️ Cas non géré : INVALIDE
at org.testng.Assert.fail(Assert.java:99)
at test.authentificationTest.loginTest(authentificationTest.java:104)
at java.base/jdk.internal.reflect.DirectMethodHandleAccessor.invoke(DirectMethodHandleAccessor.java:103)
at java.base/java.lang.reflect.Method.invoke(Method.java:580)
at org.testng.internal.MethodInvocationHelper.invokeMethod(MethodInvocationHelper.java:133)
at org.testng.internal.TestInvoker.invokeMethod(TestInvoker.java:598)
at org.testng.internal.TestInvoker.invokeTestMethod(TestInvoker.java:173)
at org.testng.internal.MethodRunner.runInSequence(MethodRunner.java:46)
at org.testng.internal.TestInvoker$MethodInvocationAgent.invoke(TestInvoker.java:824)
at org.testng.internal.TestInvoker.invokeTestMethods(TestInvoker.java:146)
at org.testng.internal.TestMethodWorker.invokeTestMethods(TestMethodWorker.java:146)
at org.testng.internal.TestMethodWorker.run(TestMethodWorker.java:128)
at java.base/java.util.ArrayList.forEach(ArrayList.java:1597)
at org.testng.TestRunner.privateRun(TestRunner.java:794)
at org.testng.TestRunner.run(TestRunner.java:596)
at org.testng.SuiteRunner.runTest(SuiteRunner.java:377)
at org.testng.SuiteRunner.runSequentially(SuiteRunner.java:371)
at org.testng.SuiteRunner.privateRun(SuiteRunner.java:332)
at org.testng.SuiteRunner.run(SuiteRunner.java:276)
at org.testng.SuiteRunnerWorker.runSuite(SuiteRunnerWorker.java:53)
at org.testng.SuiteRunnerWorker.run(SuiteRunnerWorker.java:96)
at org.testng.TestNG.runSuitesSequentially(TestNG.java:1212)
at org.testng.TestNG.runSuitesLocally(TestNG.java:1134)
at org.testng.TestNG.runSuites(TestNG.java:1063)
at org.testng.TestNG.run(TestNG.java:1031)
at org.apache.maven.surefire.testng.TestNGExecutor.run(TestNGExecutor.java:155)
at org.apache.maven.surefire.testng.TestNGDirectoryTestSuite.executeMulti(TestNGDirectoryTestSuite.java:169)
at org.apache.maven.surefire.testng.TestNGDirectoryTestSuite.execute(TestNGDirectoryTestSuite.java:88)
at org.apache.maven.surefire.testng.TestNGProvider.invoke(TestNGProvider.java:137)
at org.apache.maven.surefire.booter.ForkedBooter.runSuitesInProcess(ForkedBooter.java:385)
at org.apache.maven.surefire.booter.ForkedBooter.execute(ForkedBooter.java:162)
at org.apache.maven.surefire.booter.ForkedBooter.run(ForkedBooter.java:507)
at org.apache.maven.surefire.booter.ForkedBooter.main(ForkedBooter.java:495)
]]>
            </full-stacktrace>
          </exception> <!-- java.lang.AssertionError -->
          <reporter-output>
          </reporter-output>
        </test-method> <!-- loginTest -->
        <test-method is-config="true" signature="quit()[pri:0, instance:test.authentificationTest@38cee291]" started-at="2025-04-22T11:35:16 CEST" name="quit" finished-at="2025-04-22T11:35:16 CEST" duration-ms="120" status="PASS">
          <reporter-output>
          </reporter-output>
        </test-method> <!-- quit -->
        <test-method is-config="true" signature="setUp()[pri:0, instance:test.authentificationTest@38cee291]" started-at="2025-04-22T11:35:16 CEST" name="setUp" finished-at="2025-04-22T11:35:18 CEST" duration-ms="1379" status="PASS">
          <reporter-output>
          </reporter-output>
        </test-method> <!-- setUp -->
        <test-method signature="quit()[pri:0, instance:test.authentificationTest@38cee291]" started-at="2025-04-22T11:35:18 CEST" name="quit" finished-at="2025-04-22T11:35:18 CEST" duration-ms="115" status="PASS">
          <reporter-output>
          </reporter-output>
        </test-method> <!-- quit -->
        <test-method is-config="true" signature="quit()[pri:0, instance:test.authentificationTest@38cee291]" started-at="2025-04-22T11:35:18 CEST" name="quit" finished-at="2025-04-22T11:35:18 CEST" duration-ms="0" status="PASS">
          <reporter-output>
          </reporter-output>
        </test-method> <!-- quit -->
        <test-method is-config="true" signature="fermetureReporter()[pri:0, instance:test.authentificationTest@38cee291]" started-at="2025-04-22T11:35:22 CEST" name="fermetureReporter" finished-at="2025-04-22T11:35:22 CEST" duration-ms="213" status="PASS">
          <reporter-output>
          </reporter-output>
        </test-method> <!-- fermetureReporter -->
      </class> <!-- test.authentificationTest -->
      <class name="test.sauceDemoTest">
        <test-method is-config="true" signature="setUp()[pri:0, instance:test.sauceDemoTest@1c7696c6]" started-at="2025-04-22T11:35:18 CEST" name="setUp" finished-at="2025-04-22T11:35:19 CEST" duration-ms="1190" status="PASS">
          <reporter-output>
          </reporter-output>
        </test-method> <!-- setUp -->
        <test-method signature="sauceDemoLogin()[pri:0, instance:test.sauceDemoTest@1c7696c6]" started-at="2025-04-22T11:35:19 CEST" name="sauceDemoLogin" finished-at="2025-04-22T11:35:19 CEST" duration-ms="454" status="PASS">
          <reporter-output>
          </reporter-output>
        </test-method> <!-- sauceDemoLogin -->
        <test-method signature="sauceDemosearch()[pri:0, instance:test.sauceDemoTest@1c7696c6]" started-at="2025-04-22T11:35:19 CEST" name="sauceDemosearch" finished-at="2025-04-22T11:35:20 CEST" depends-on-methods="test.sauceDemoTest.sauceDemoLogin" duration-ms="276" status="PASS">
          <reporter-output>
          </reporter-output>
        </test-method> <!-- sauceDemosearch -->
        <test-method signature="sauceDemoAddProduct()[pri:0, instance:test.sauceDemoTest@1c7696c6]" started-at="2025-04-22T11:35:20 CEST" name="sauceDemoAddProduct" finished-at="2025-04-22T11:35:20 CEST" depends-on-methods="test.sauceDemoTest.sauceDemosearch" duration-ms="836" status="PASS">
          <reporter-output>
          </reporter-output>
        </test-method> <!-- sauceDemoAddProduct -->
        <test-method signature="sauceDemoLogout()[pri:0, instance:test.sauceDemoTest@1c7696c6]" started-at="2025-04-22T11:35:20 CEST" name="sauceDemoLogout" finished-at="2025-04-22T11:35:21 CEST" depends-on-methods="test.sauceDemoTest.sauceDemoAddProduct" duration-ms="854" status="PASS">
          <reporter-output>
          </reporter-output>
        </test-method> <!-- sauceDemoLogout -->
        <test-method is-config="true" signature="logout()[pri:0, instance:test.sauceDemoTest@1c7696c6]" started-at="2025-04-22T11:35:21 CEST" name="logout" finished-at="2025-04-22T11:35:22 CEST" duration-ms="277" status="PASS">
          <reporter-output>
          </reporter-output>
        </test-method> <!-- logout -->
      </class> <!-- test.sauceDemoTest -->
    </test> <!-- Surefire test -->
  </suite> <!-- Surefire suite -->
</testng-results>
